info it worked if it ends with ok
verbose cli [ 'node', '/usr/local/bin/npm', 'install', '-g', 'fs' ]
info using npm@1.0.22
info using node@v0.4.10
verbose config file /home/takahashihideki/.npmrc
verbose config file /usr/local/etc/npmrc
verbose mkdir done: /usr/local/lib 755
verbose into /usr/local/lib [ 'fs' ]
verbose cache add [ 'fs', null ]
info addNamed [ 'fs', '' ]
verbose addNamed [ null, '' ]
verbose GET fs
verbose raw, before any munging fs
verbose url resolving [ 'https://registry.npmjs.org/', './fs' ]
verbose url resolved https://registry.npmjs.org/fs
verbose url parsed { protocol: 'https:',
verbose url parsed   slashes: true,
verbose url parsed   host: 'registry.npmjs.org',
verbose url parsed   hostname: 'registry.npmjs.org',
verbose url parsed   href: 'https://registry.npmjs.org/fs',
verbose url parsed   pathname: '/fs' }
verbose response https://registry.npmjs.org/fs
silly chunk {"error":"not_found","reason":"document not found"}
silly chunk 
silly get cb [ 404,
silly get cb   { server: 'CouchDB/1.3.1 (Erlang OTP/R15B03)',
silly get cb     date: 'Sat, 09 Nov 2013 12:18:42 GMT',
silly get cb     'content-type': 'application/json',
silly get cb     'content-length': '52',
silly get cb     'cache-control': 'must-revalidate' } ]
ERR! 404 'fs' is not in the npm registry.
ERR! 404 You should bug the author to publish it.
ERR! 404 Note that you can also install from a tarball or folder.
ERR! 
ERR! System CYGWIN_NT-6.1-WOW64 1.7.17(0.262/5/3)
ERR! command "node" "/usr/local/bin/npm" "install" "-g" "fs"
ERR! cwd /home/takahashihideki/restfuljs
ERR! node -v v0.4.10
ERR! npm -v 1.0.22
verbose exit [ 1, true ]
